<?xml version="1.0" encoding="UTF-8"?>
<!-- Generated by org.testng.reporters.JUnitXMLReporter -->
<testsuite ignored="0" hostname="INBOOK_X1_SLIM" failures="0" tests="2" name="TestBlock2 " time="0.089" errors="0" timestamp="2025-06-27T13:38:55 IST">
  <testcase classname="utility.setup" name="@BeforeMethod setup" time="-1.751011735351E9">
    <failure type="org.testng.TestNGException" message="
Parameter &amp;apos;browser&amp;apos; is required by BeforeMethod on method setup but has not been marked @Optional or defined
in C:\Users\Kanak Tandon\NewEclipseWorkspace\featureCrossBrowser\testng.xml">
      <![CDATA[org.testng.TestNGException: 
Parameter 'browser' is required by BeforeMethod on method setup but has not been marked @Optional or defined
in C:\Users\Kanak Tandon\NewEclipseWorkspace\featureCrossBrowser\testng.xml
at java.base/java.util.concurrent.ThreadPoolExecutor.runWorker(ThreadPoolExecutor.java:1144)
at java.base/java.util.concurrent.ThreadPoolExecutor$Worker.run(ThreadPoolExecutor.java:642)
at java.base/java.lang.Thread.run(Thread.java:1589)
... Removed 13 stack frames]]>
    </failure>
  </testcase> <!-- @BeforeMethod setup -->
  <testcase classname="utility.setup" name="@BeforeMethod setup" time="-1.751011735351E9">
    <failure type="org.testng.TestNGException" message="
Parameter &amp;apos;browser&amp;apos; is required by BeforeMethod on method setup but has not been marked @Optional or defined
in C:\Users\Kanak Tandon\NewEclipseWorkspace\featureCrossBrowser\testng.xml">
      <![CDATA[org.testng.TestNGException: 
Parameter 'browser' is required by BeforeMethod on method setup but has not been marked @Optional or defined
in C:\Users\Kanak Tandon\NewEclipseWorkspace\featureCrossBrowser\testng.xml
at java.base/java.util.concurrent.ThreadPoolExecutor.runWorker(ThreadPoolExecutor.java:1144)
at java.base/java.util.concurrent.ThreadPoolExecutor$Worker.run(ThreadPoolExecutor.java:642)
at java.base/java.lang.Thread.run(Thread.java:1589)
... Removed 13 stack frames]]>
    </failure>
  </testcase> <!-- @BeforeMethod setup -->
  <testcase classname="utility.testclass" name="TC01_Login_CorrectUser" time="0.0">
    <skipped/>
  </testcase> <!-- TC01_Login_CorrectUser -->
  <testcase classname="utility.testclass" name="TC02_Login_InCorrectUser" time="0.0">
    <skipped/>
  </testcase> <!-- TC02_Login_InCorrectUser -->
</testsuite> <!-- TestBlock2  -->
